<?xml version="1.0" encoding="utf-8"?><testsuites name="pytest tests"><testsuite name="pytest" errors="0" failures="0" skipped="0" tests="37" time="8.615" timestamp="2026-04-10T00:30:45.905694+00:00" hostname="agent-env-f1a0c7e8-4128-474e-84ca-eb38c13ebf0d"><testcase classname="backend.tests.test_req6_dashboard_leads_feedback.TestExecutiveDashboard" name="test_executive_dashboard_returns_200" time="0.598" /><testcase classname="backend.tests.test_req6_dashboard_leads_feedback.TestExecutiveDashboard" name="test_executive_dashboard_has_today_stats" time="0.124" /><testcase classname="backend.tests.test_req6_dashboard_leads_feedback.TestExecutiveDashboard" name="test_executive_dashboard_has_active_patients" time="0.115" /><testcase classname="backend.tests.test_req6_dashboard_leads_feedback.TestExecutiveDashboard" name="test_executive_dashboard_has_monthly_revenue" time="0.153" /><testcase classname="backend.tests.test_req6_dashboard_leads_feedback.TestExecutiveDashboard" name="test_executive_dashboard_has_room_occupancy" time="0.122" /><testcase classname="backend.tests.test_req6_dashboard_leads_feedback.TestExecutiveDashboard" name="test_executive_dashboard_has_doctor_performance" time="0.160" /><testcase classname="backend.tests.test_req6_dashboard_leads_feedback.TestExecutiveDashboard" name="test_executive_dashboard_has_lead_stats" time="0.161" /><testcase classname="backend.tests.test_req6_dashboard_leads_feedback.TestLeadCRUD" name="test_create_lead" time="0.507" /><testcase classname="backend.tests.test_req6_dashboard_leads_feedback.TestLeadCRUD" name="test_get_leads_list" time="0.116" /><testcase classname="backend.tests.test_req6_dashboard_leads_feedback.TestLeadCRUD" name="test_get_leads_by_status" time="0.121" /><testcase classname="backend.tests.test_req6_dashboard_leads_feedback.TestLeadCRUD" name="test_update_lead" time="0.113" /><testcase classname="backend.tests.test_req6_dashboard_leads_feedback.TestLeadCRUD" name="test_update_lead_not_found" time="0.155" /><testcase classname="backend.tests.test_req6_dashboard_leads_feedback.TestLeadStatusPipeline" name="test_create_pipeline_lead" time="0.467" /><testcase classname="backend.tests.test_req6_dashboard_leads_feedback.TestLeadStatusPipeline" name="test_status_new_to_contacted" time="0.117" /><testcase classname="backend.tests.test_req6_dashboard_leads_feedback.TestLeadStatusPipeline" name="test_status_contacted_to_follow_up" time="0.115" /><testcase classname="backend.tests.test_req6_dashboard_leads_feedback.TestLeadStatusPipeline" name="test_status_invalid_value" time="0.149" /><testcase classname="backend.tests.test_req6_dashboard_leads_feedback.TestLeadStatusPipeline" name="test_status_not_found" time="0.144" /><testcase classname="backend.tests.test_req6_dashboard_leads_feedback.TestLeadConversion" name="test_create_conversion_lead" time="0.474" /><testcase classname="backend.tests.test_req6_dashboard_leads_feedback.TestLeadConversion" name="test_convert_lead_to_patient" time="0.131" /><testcase classname="backend.tests.test_req6_dashboard_leads_feedback.TestLeadConversion" name="test_lead_status_is_converted" time="0.113" /><testcase classname="backend.tests.test_req6_dashboard_leads_feedback.TestLeadConversion" name="test_patient_created_from_lead" time="0.116" /><testcase classname="backend.tests.test_req6_dashboard_leads_feedback.TestLeadConversion" name="test_convert_already_converted_lead" time="0.109" /><testcase classname="backend.tests.test_req6_dashboard_leads_feedback.TestLeadConversion" name="test_convert_nonexistent_lead" time="0.115" /><testcase classname="backend.tests.test_req6_dashboard_leads_feedback.TestLeadDelete" name="test_delete_lead" time="0.718" /><testcase classname="backend.tests.test_req6_dashboard_leads_feedback.TestLeadDelete" name="test_delete_lead_not_found" time="0.113" /><testcase classname="backend.tests.test_req6_dashboard_leads_feedback.TestFeedbackCRUD" name="test_create_feedback_high_rating" time="0.487" /><testcase classname="backend.tests.test_req6_dashboard_leads_feedback.TestFeedbackCRUD" name="test_get_feedback_list" time="0.118" /><testcase classname="backend.tests.test_req6_dashboard_leads_feedback.TestFeedbackCRUD" name="test_get_feedback_summary" time="0.111" /><testcase classname="backend.tests.test_req6_dashboard_leads_feedback.TestFeedbackCRUD" name="test_delete_feedback" time="0.140" /><testcase classname="backend.tests.test_req6_dashboard_leads_feedback.TestFeedbackCRUD" name="test_delete_feedback_not_found" time="0.120" /><testcase classname="backend.tests.test_req6_dashboard_leads_feedback.TestFeedbackEscalation" name="test_create_feedback_low_rating_creates_escalation" time="0.464" /><testcase classname="backend.tests.test_req6_dashboard_leads_feedback.TestFeedbackEscalation" name="test_create_feedback_rating_2_creates_escalation" time="0.120" /><testcase classname="backend.tests.test_req6_dashboard_leads_feedback.TestFeedbackEscalation" name="test_get_escalations_only" time="0.117" /><testcase classname="backend.tests.test_req6_dashboard_leads_feedback.TestFeedbackEscalation" name="test_resolve_escalation" time="0.123" /><testcase classname="backend.tests.test_req6_dashboard_leads_feedback.TestFeedbackEscalation" name="test_summary_counts_escalations" time="0.123" /><testcase classname="backend.tests.test_req6_dashboard_leads_feedback.TestCleanup" name="test_cleanup_test_leads" time="0.857" /><testcase classname="backend.tests.test_req6_dashboard_leads_feedback.TestCleanup" name="test_cleanup_test_feedback" time="0.366" /></testsuite></testsuites>