<?xml version="1.0" encoding="utf-8"?><testsuites name="pytest tests"><testsuite name="pytest" errors="0" failures="0" skipped="0" tests="17" time="6.304" timestamp="2026-04-09T23:15:24.371586+00:00" hostname="agent-env-f1a0c7e8-4128-474e-84ca-eb38c13ebf0d"><testcase classname="backend.tests.test_phase_ac_features.TestAuth" name="test_admin_login" time="0.448" /><testcase classname="backend.tests.test_phase_ac_features.TestPatientRegistration" name="test_create_patient_with_all_fields" time="0.535" /><testcase classname="backend.tests.test_phase_ac_features.TestPatientRegistration" name="test_duplicate_phone_prevention" time="0.252" /><testcase classname="backend.tests.test_phase_ac_features.TestPhoneLookup" name="test_search_phone_returns_matching_patients" time="0.477" /><testcase classname="backend.tests.test_phase_ac_features.TestPhoneLookup" name="test_search_phone_with_short_query" time="0.126" /><testcase classname="backend.tests.test_phase_ac_features.TestPatientCheckinWithPriority" name="test_checkin_with_normal_priority" time="0.604" /><testcase classname="backend.tests.test_phase_ac_features.TestPatientCheckinWithPriority" name="test_checkin_with_elderly_priority" time="0.279" /><testcase classname="backend.tests.test_phase_ac_features.TestPatientCheckinWithPriority" name="test_checkin_with_emergency_priority" time="0.231" /><testcase classname="backend.tests.test_phase_ac_features.TestLiveQueueDashboard" name="test_get_queue" time="0.448" /><testcase classname="backend.tests.test_phase_ac_features.TestLiveQueueDashboard" name="test_queue_has_priority_sorting" time="0.118" /><testcase classname="backend.tests.test_phase_ac_features.TestQueueStatusTransitions" name="test_update_status_to_in_consultation" time="0.689" /><testcase classname="backend.tests.test_phase_ac_features.TestQueueStatusTransitions" name="test_update_status_to_completed" time="0.140" /><testcase classname="backend.tests.test_phase_ac_features.TestQueueStatusTransitions" name="test_invalid_status_rejected" time="0.129" /><testcase classname="backend.tests.test_phase_ac_features.TestPriorityUpdate" name="test_update_priority_to_elderly" time="0.794" /><testcase classname="backend.tests.test_phase_ac_features.TestPriorityUpdate" name="test_update_priority_to_emergency" time="0.117" /><testcase classname="backend.tests.test_phase_ac_features.TestPriorityUpdate" name="test_invalid_priority_rejected" time="0.118" /><testcase classname="backend.tests.test_phase_ac_features.TestPatientDetails" name="test_get_patient_with_all_fields" time="0.582" /></testsuite></testsuites>