<?xml version="1.0" encoding="utf-8"?><testsuites name="pytest tests"><testsuite name="pytest" errors="0" failures="1" skipped="0" tests="26" time="2.561" timestamp="2026-04-09T23:49:00.089206+00:00" hostname="agent-env-f1a0c7e8-4128-474e-84ca-eb38c13ebf0d"><testcase classname="backend.tests.test_room_ip_management.TestRoomCRUD" name="test_create_room" time="0.506" /><testcase classname="backend.tests.test_room_ip_management.TestRoomCRUD" name="test_get_all_rooms" time="0.053" /><testcase classname="backend.tests.test_room_ip_management.TestRoomCRUD" name="test_get_rooms_overview" time="0.055" /><testcase classname="backend.tests.test_room_ip_management.TestRoomCRUD" name="test_get_available_rooms" time="0.055" /><testcase classname="backend.tests.test_room_ip_management.TestRoomCRUD" name="test_update_room" time="0.115" /><testcase classname="backend.tests.test_room_ip_management.TestRoomCRUD" name="test_update_nonexistent_room" time="0.054" /><testcase classname="backend.tests.test_room_ip_management.TestRoomCRUD" name="test_delete_room" time="0.105" /><testcase classname="backend.tests.test_room_ip_management.TestRoomCRUD" name="test_delete_nonexistent_room" time="0.058" /><testcase classname="backend.tests.test_room_ip_management.TestTreatmentPackageCRUD" name="test_create_treatment_package" time="0.070" /><testcase classname="backend.tests.test_room_ip_management.TestTreatmentPackageCRUD" name="test_get_treatment_packages" time="0.071" /><testcase classname="backend.tests.test_room_ip_management.TestTreatmentPackageCRUD" name="test_update_treatment_package" time="0.139" /><testcase classname="backend.tests.test_room_ip_management.TestTreatmentPackageCRUD" name="test_update_nonexistent_package" time="0.060" /><testcase classname="backend.tests.test_room_ip_management.TestTreatmentPackageCRUD" name="test_delete_treatment_package" time="0.113" /><testcase classname="backend.tests.test_room_ip_management.TestOPToIPConversion" name="test_setup_create_test_room" time="0.056" /><testcase classname="backend.tests.test_room_ip_management.TestOPToIPConversion" name="test_setup_create_test_package" time="0.054" /><testcase classname="backend.tests.test_room_ip_management.TestOPToIPConversion" name="test_setup_create_test_patient" time="0.056" /><testcase classname="backend.tests.test_room_ip_management.TestOPToIPConversion" name="test_convert_op_to_ip" time="0.111" /><testcase classname="backend.tests.test_room_ip_management.TestOPToIPConversion" name="test_verify_room_occupied" time="0.056" /><testcase classname="backend.tests.test_room_ip_management.TestOPToIPConversion" name="test_cannot_delete_occupied_room" time="0.058" /><testcase classname="backend.tests.test_room_ip_management.TestOPToIPConversion" name="test_get_admissions" time="0.053" /><testcase classname="backend.tests.test_room_ip_management.TestOPToIPConversion" name="test_get_patient_admissions" time="0.056" /><testcase classname="backend.tests.test_room_ip_management.TestOPToIPConversion" name="test_get_advance_payments" time="0.057" /><testcase classname="backend.tests.test_room_ip_management.TestOPToIPConversion" name="test_convert_to_occupied_room_fails" time="0.173" /><testcase classname="backend.tests.test_room_ip_management.TestOPToIPConversion" name="test_cleanup" time="0.053" /><testcase classname="backend.tests.test_room_ip_management.TestRoomOverviewStructure" name="test_overview_by_floor_structure" time="0.057"><failure message="AssertionError: assert 'floor' in {'daily_rate': 1500.0, 'id': '8d816bc3-1083-49f8-8ae0-25f0fc748c97', 'is_occupied': False, 'patient_id': None, ...}">backend/tests/test_room_ip_management.py:497: in test_overview_by_floor_structure
    assert 'floor' in room
E   AssertionError: assert 'floor' in {'daily_rate': 1500.0, 'id': '8d816bc3-1083-49f8-8ae0-25f0fc748c97', 'is_occupied': False, 'patient_id': None, ...}</failure></testcase><testcase classname="backend.tests.test_room_ip_management.TestRoomOverviewStructure" name="test_overview_by_type_structure" time="0.051" /></testsuite></testsuites>