<?xml version="1.0" encoding="utf-8"?><testsuites name="pytest tests"><testsuite name="pytest" errors="0" failures="0" skipped="15" tests="28" time="10.314" timestamp="2026-04-10T12:08:33.314268+00:00" hostname="agent-env-f1a0c7e8-4128-474e-84ca-eb38c13ebf0d"><testcase classname="backend.tests.test_req4_req5_therapy_billing.TestTherapyTypes" name="test_get_therapy_types" time="7.730" /><testcase classname="backend.tests.test_req4_req5_therapy_billing.TestTherapyTypes" name="test_create_therapy_type" time="0.158" /><testcase classname="backend.tests.test_req4_req5_therapy_billing.TestTherapyTypes" name="test_create_gender_specific_therapy" time="0.107" /><testcase classname="backend.tests.test_req4_req5_therapy_billing.TestTherapyTypes" name="test_get_therapy_types_by_category" time="0.160" /><testcase classname="backend.tests.test_req4_req5_therapy_billing.TestTherapyTypes" name="test_update_therapy_type" time="0.217" /><testcase classname="backend.tests.test_req4_req5_therapy_billing.TestTherapyScheduling" name="test_create_therapy_schedule" time="0.224"><skipped type="pytest.skip" message="Failed to create test patient: {&quot;detail&quot;:&quot;Patient with phone 9876543210 already exists (PID: N/A)&quot;}">/app/backend/tests/test_req4_req5_therapy_billing.py:179: Failed to create test patient: {"detail":"Patient with phone 9876543210 already exists (PID: N/A)"}</skipped></testcase><testcase classname="backend.tests.test_req4_req5_therapy_billing.TestTherapyScheduling" name="test_get_therapy_schedules" time="0.113" /><testcase classname="backend.tests.test_req4_req5_therapy_billing.TestTherapyScheduling" name="test_get_schedules_by_date" time="0.109" /><testcase classname="backend.tests.test_req4_req5_therapy_billing.TestTherapyScheduling" name="test_get_schedules_by_status" time="0.106" /><testcase classname="backend.tests.test_req4_req5_therapy_billing.TestTherapyScheduling" name="test_get_patient_therapy_schedules" time="0.000"><skipped type="pytest.skip" message="Failed to create test patient: {&quot;detail&quot;:&quot;Patient with phone 9876543210 already exists (PID: N/A)&quot;}">/app/backend/tests/test_req4_req5_therapy_billing.py:233: Failed to create test patient: {"detail":"Patient with phone 9876543210 already exists (PID: N/A)"}</skipped></testcase><testcase classname="backend.tests.test_req4_req5_therapy_billing.TestTherapyScheduling" name="test_update_schedule_status_to_in_progress" time="0.000"><skipped type="pytest.skip" message="Failed to create test patient: {&quot;detail&quot;:&quot;Patient with phone 9876543210 already exists (PID: N/A)&quot;}">/app/backend/tests/test_req4_req5_therapy_billing.py:243: Failed to create test patient: {"detail":"Patient with phone 9876543210 already exists (PID: N/A)"}</skipped></testcase><testcase classname="backend.tests.test_req4_req5_therapy_billing.TestTherapyScheduling" name="test_update_schedule_status_to_completed" time="0.000"><skipped type="pytest.skip" message="Failed to create test patient: {&quot;detail&quot;:&quot;Patient with phone 9876543210 already exists (PID: N/A)&quot;}">/app/backend/tests/test_req4_req5_therapy_billing.py:260: Failed to create test patient: {"detail":"Patient with phone 9876543210 already exists (PID: N/A)"}</skipped></testcase><testcase classname="backend.tests.test_req4_req5_therapy_billing.TestTherapyScheduling" name="test_update_schedule_invalid_status" time="0.000"><skipped type="pytest.skip" message="Failed to create test patient: {&quot;detail&quot;:&quot;Patient with phone 9876543210 already exists (PID: N/A)&quot;}">/app/backend/tests/test_req4_req5_therapy_billing.py:277: Failed to create test patient: {"detail":"Patient with phone 9876543210 already exists (PID: N/A)"}</skipped></testcase><testcase classname="backend.tests.test_req4_req5_therapy_billing.TestTherapyScheduling" name="test_gender_validation_blocks_wrong_gender" time="0.213"><skipped type="pytest.skip" message="Failed to create female test patient: {&quot;detail&quot;:&quot;Patient with phone 9876543211 already exists (PID: N/A)&quot;}">/app/backend/tests/test_req4_req5_therapy_billing.py:304: Failed to create female test patient: {"detail":"Patient with phone 9876543211 already exists (PID: N/A)"}</skipped></testcase><testcase classname="backend.tests.test_req4_req5_therapy_billing.TestAdvanceDeposits" name="test_create_advance_deposit" time="0.000"><skipped type="pytest.skip" message="Failed to create test patient: {&quot;detail&quot;:&quot;Patient with phone 9876543210 already exists (PID: N/A)&quot;}">/app/backend/tests/test_req4_req5_therapy_billing.py:333: Failed to create test patient: {"detail":"Patient with phone 9876543210 already exists (PID: N/A)"}</skipped></testcase><testcase classname="backend.tests.test_req4_req5_therapy_billing.TestAdvanceDeposits" name="test_get_advances" time="0.121" /><testcase classname="backend.tests.test_req4_req5_therapy_billing.TestAdvanceDeposits" name="test_get_advances_by_patient" time="0.000"><skipped type="pytest.skip" message="Failed to create test patient: {&quot;detail&quot;:&quot;Patient with phone 9876543210 already exists (PID: N/A)&quot;}">/app/backend/tests/test_req4_req5_therapy_billing.py:360: Failed to create test patient: {"detail":"Patient with phone 9876543210 already exists (PID: N/A)"}</skipped></testcase><testcase classname="backend.tests.test_req4_req5_therapy_billing.TestAdvanceDeposits" name="test_get_patient_advance_balance" time="0.000"><skipped type="pytest.skip" message="Failed to create test patient: {&quot;detail&quot;:&quot;Patient with phone 9876543210 already exists (PID: N/A)&quot;}">/app/backend/tests/test_req4_req5_therapy_billing.py:369: Failed to create test patient: {"detail":"Patient with phone 9876543210 already exists (PID: N/A)"}</skipped></testcase><testcase classname="backend.tests.test_req4_req5_therapy_billing.TestBillingWithGST" name="test_create_op_bill_with_gst" time="0.000"><skipped type="pytest.skip" message="Failed to create test patient: {&quot;detail&quot;:&quot;Patient with phone 9876543210 already exists (PID: N/A)&quot;}">/app/backend/tests/test_req4_req5_therapy_billing.py:387: Failed to create test patient: {"detail":"Patient with phone 9876543210 already exists (PID: N/A)"}</skipped></testcase><testcase classname="backend.tests.test_req4_req5_therapy_billing.TestBillingWithGST" name="test_create_ip_bill_with_gst" time="0.000"><skipped type="pytest.skip" message="Failed to create test patient: {&quot;detail&quot;:&quot;Patient with phone 9876543210 already exists (PID: N/A)&quot;}">/app/backend/tests/test_req4_req5_therapy_billing.py:417: Failed to create test patient: {"detail":"Patient with phone 9876543210 already exists (PID: N/A)"}</skipped></testcase><testcase classname="backend.tests.test_req4_req5_therapy_billing.TestBillingWithGST" name="test_get_bills" time="0.152" /><testcase classname="backend.tests.test_req4_req5_therapy_billing.TestBillingWithGST" name="test_get_bills_by_status" time="0.110" /><testcase classname="backend.tests.test_req4_req5_therapy_billing.TestBillingWithGST" name="test_record_payment" time="0.000"><skipped type="pytest.skip" message="Failed to create test patient: {&quot;detail&quot;:&quot;Patient with phone 9876543210 already exists (PID: N/A)&quot;}">/app/backend/tests/test_req4_req5_therapy_billing.py:463: Failed to create test patient: {"detail":"Patient with phone 9876543210 already exists (PID: N/A)"}</skipped></testcase><testcase classname="backend.tests.test_req4_req5_therapy_billing.TestBillingWithGST" name="test_apply_advance_to_bill" time="0.000"><skipped type="pytest.skip" message="Failed to create test patient: {&quot;detail&quot;:&quot;Patient with phone 9876543210 already exists (PID: N/A)&quot;}">/app/backend/tests/test_req4_req5_therapy_billing.py:485: Failed to create test patient: {"detail":"Patient with phone 9876543210 already exists (PID: N/A)"}</skipped></testcase><testcase classname="backend.tests.test_req4_req5_therapy_billing.TestPatientBillingSummary" name="test_get_patient_billing_summary" time="0.000"><skipped type="pytest.skip" message="Failed to create test patient: {&quot;detail&quot;:&quot;Patient with phone 9876543210 already exists (PID: N/A)&quot;}">/app/backend/tests/test_req4_req5_therapy_billing.py:526: Failed to create test patient: {"detail":"Patient with phone 9876543210 already exists (PID: N/A)"}</skipped></testcase><testcase classname="backend.tests.test_req4_req5_therapy_billing.TestPatientBillingSummary" name="test_patient_summary_not_found" time="0.111" /><testcase classname="backend.tests.test_req4_req5_therapy_billing.TestCleanup" name="test_delete_test_therapy_schedules" time="0.000"><skipped type="pytest.skip" message="Failed to create test patient: {&quot;detail&quot;:&quot;Patient with phone 9876543210 already exists (PID: N/A)&quot;}">/app/backend/tests/test_req4_req5_therapy_billing.py:569: Failed to create test patient: {"detail":"Patient with phone 9876543210 already exists (PID: N/A)"}</skipped></testcase><testcase classname="backend.tests.test_req4_req5_therapy_billing.TestCleanup" name="test_delete_test_therapy_types" time="0.454" /></testsuite></testsuites>