<?xml version="1.0" encoding="utf-8"?><testsuites name="pytest tests"><testsuite name="pytest" errors="0" failures="0" skipped="0" tests="20" time="1.891" timestamp="2026-04-08T23:10:09.210188+00:00" hostname="agent-env-f1a0c7e8-4128-474e-84ca-eb38c13ebf0d"><testcase classname="backend.tests.test_new_features.TestEditStaff" name="test_get_staff_list" time="0.436" /><testcase classname="backend.tests.test_new_features.TestEditStaff" name="test_edit_staff_success" time="0.197" /><testcase classname="backend.tests.test_new_features.TestEditStaff" name="test_edit_nonexistent_staff" time="0.049" /><testcase classname="backend.tests.test_new_features.TestLeaveManagement" name="test_get_staff_for_leave" time="0.047" /><testcase classname="backend.tests.test_new_features.TestLeaveManagement" name="test_create_leave_full_day" time="0.076" /><testcase classname="backend.tests.test_new_features.TestLeaveManagement" name="test_create_leave_half_day_with_time" time="0.108" /><testcase classname="backend.tests.test_new_features.TestLeaveManagement" name="test_get_leaves" time="0.047" /><testcase classname="backend.tests.test_new_features.TestLeaveManagement" name="test_get_leave_summary" time="0.055" /><testcase classname="backend.tests.test_new_features.TestLeaveManagement" name="test_delete_leave" time="0.096" /><testcase classname="backend.tests.test_new_features.TestLeaveManagement" name="test_delete_nonexistent_leave" time="0.047" /><testcase classname="backend.tests.test_new_features.TestMessManagement" name="test_get_mess_settings_default" time="0.053" /><testcase classname="backend.tests.test_new_features.TestMessManagement" name="test_update_mess_settings" time="0.146" /><testcase classname="backend.tests.test_new_features.TestMessManagement" name="test_get_patients_for_meal" time="0.047" /><testcase classname="backend.tests.test_new_features.TestMessManagement" name="test_assign_meal_to_patient" time="0.075" /><testcase classname="backend.tests.test_new_features.TestMessManagement" name="test_get_meals_by_date" time="0.049" /><testcase classname="backend.tests.test_new_features.TestMessManagement" name="test_get_mess_summary" time="0.046" /><testcase classname="backend.tests.test_new_features.TestMessManagement" name="test_delete_meal" time="0.096" /><testcase classname="backend.tests.test_new_features.TestMessManagement" name="test_delete_nonexistent_meal" time="0.047" /><testcase classname="backend.tests.test_new_features.TestMessManagement" name="test_assign_meal_nonexistent_patient" time="0.049" /><testcase classname="backend.tests.test_new_features.TestLeaveForNonexistentStaff" name="test_create_leave_nonexistent_staff" time="0.046" /></testsuite></testsuites>