<?xml version="1.0" encoding="utf-8"?><testsuites name="pytest tests"><testsuite name="pytest" errors="0" failures="0" skipped="0" tests="13" time="3.418" timestamp="2026-04-10T12:54:48.539517+00:00" hostname="agent-env-f1a0c7e8-4128-474e-84ca-eb38c13ebf0d"><testcase classname="backend.tests.test_whatsapp_features.TestWhatsAppFeatures" name="test_appointment_response_includes_patient_phone" time="0.624" /><testcase classname="backend.tests.test_whatsapp_features.TestWhatsAppFeatures" name="test_get_appointments_includes_patient_phone" time="0.569" /><testcase classname="backend.tests.test_whatsapp_features.TestWhatsAppFeatures" name="test_therapy_schedule_response_includes_patient_phone" time="0.548" /><testcase classname="backend.tests.test_whatsapp_features.TestWhatsAppFeatures" name="test_get_therapy_schedules_includes_patient_phone" time="0.543" /><testcase classname="backend.tests.test_whatsapp_features.TestWhatsAppFeatures" name="test_patient_has_phone_number" time="0.538" /><testcase classname="backend.tests.test_whatsapp_features.TestWhatsAppFeatures" name="test_patient_report_for_whatsapp_context" time="0.539" /><testcase classname="backend.tests.test_whatsapp_features.TestPhoneFormatting" name="test_format_10_digit_number" time="0.000" /><testcase classname="backend.tests.test_whatsapp_features.TestPhoneFormatting" name="test_format_12_digit_with_91_prefix" time="0.000" /><testcase classname="backend.tests.test_whatsapp_features.TestPhoneFormatting" name="test_format_11_digit_with_0_prefix" time="0.000" /><testcase classname="backend.tests.test_whatsapp_features.TestPhoneFormatting" name="test_format_number_with_spaces" time="0.000" /><testcase classname="backend.tests.test_whatsapp_features.TestPhoneFormatting" name="test_format_number_with_dashes" time="0.000" /><testcase classname="backend.tests.test_whatsapp_features.TestPhoneFormatting" name="test_format_number_with_plus" time="0.000" /><testcase classname="backend.tests.test_whatsapp_features.TestPhoneFormatting" name="test_format_empty_phone" time="0.000" /></testsuite></testsuites>