<?xml version="1.0" encoding="utf-8"?><testsuites name="pytest tests"><testsuite name="pytest" errors="0" failures="0" skipped="0" tests="19" time="6.045" timestamp="2026-01-22T14:55:57.946656+00:00" hostname="agent-env-5d16597e-f49a-4f5f-a482-89d92a371307"><testcase classname="backend.tests.test_rbac.TestAuthentication" name="test_admin_login_success" time="0.335" /><testcase classname="backend.tests.test_rbac.TestAuthentication" name="test_doctor_login_success" time="0.261" /><testcase classname="backend.tests.test_rbac.TestAuthentication" name="test_invalid_credentials" time="0.042" /><testcase classname="backend.tests.test_rbac.TestUserManagementAdminOnly" name="test_admin_can_get_all_users" time="0.304" /><testcase classname="backend.tests.test_rbac.TestUserManagementAdminOnly" name="test_doctor_cannot_get_all_users" time="0.305" /><testcase classname="backend.tests.test_rbac.TestUserManagementAdminOnly" name="test_admin_can_create_user" time="0.615" /><testcase classname="backend.tests.test_rbac.TestUserManagementAdminOnly" name="test_doctor_cannot_create_user" time="0.307" /><testcase classname="backend.tests.test_rbac.TestUserManagementAdminOnly" name="test_admin_can_reset_user_password" time="0.835" /><testcase classname="backend.tests.test_rbac.TestUserManagementAdminOnly" name="test_admin_can_delete_user" time="0.599" /><testcase classname="backend.tests.test_rbac.TestUserManagementAdminOnly" name="test_get_available_roles" time="0.303" /><testcase classname="backend.tests.test_rbac.TestHRAccessControl" name="test_admin_can_access_staff_list" time="0.306" /><testcase classname="backend.tests.test_rbac.TestHRAccessControl" name="test_doctor_cannot_access_staff_list" time="0.309" /><testcase classname="backend.tests.test_rbac.TestHRAccessControl" name="test_doctor_cannot_create_staff" time="0.299" /><testcase classname="backend.tests.test_rbac.TestReportsAccessControl" name="test_admin_can_access_financial_reports" time="0.324" /><testcase classname="backend.tests.test_rbac.TestReportsAccessControl" name="test_doctor_cannot_access_financial_reports" time="0.296" /><testcase classname="backend.tests.test_rbac.TestForgotPasswordMocked" name="test_forgot_password_existing_email" time="0.036" /><testcase classname="backend.tests.test_rbac.TestForgotPasswordMocked" name="test_forgot_password_nonexistent_email" time="0.035" /><testcase classname="backend.tests.test_rbac.TestForgotPasswordMocked" name="test_reset_password_invalid_token" time="0.040" /><testcase classname="backend.tests.test_rbac.TestChangeOwnPassword" name="test_change_own_password_short_password" time="0.303" /></testsuite></testsuites>